

Info: Logic utilisation before packing:
Info:     Total LUT4s:         4/83640     0%
Info:         logic LUTs:      4/83640     0%
Info:         carry LUTs:      0/83640     0%
Info:           RAM LUTs:      0/10455     0%
Info:          RAMW LUTs:      0/20910     0%

Info:      Total DFFs:         0/83640     0%

Info: Packing IOs..
Info: pin 'LED[7]$tr_io' constrained to Bel 'X0/Y41/PIOD'.
Info: pin 'LED[6]$tr_io' constrained to Bel 'X0/Y38/PIOD'.
Info: pin 'LED[5]$tr_io' constrained to Bel 'X0/Y44/PIOD'.
Info: pin 'LED[4]$tr_io' constrained to Bel 'X0/Y38/PIOB'.
Info: pin 'LED[3]$tr_io' constrained to Bel 'X0/Y38/PIOC'.
Info: pin 'LED[2]$tr_io' constrained to Bel 'X0/Y38/PIOA'.
Info: pin 'LED[1]$tr_io' constrained to Bel 'X0/Y35/PIOD'.
Info: pin 'LED[0]$tr_io' constrained to Bel 'X0/Y35/PIOC'.
Info: pin 'BUTTON[6]$tr_io' constrained to Bel 'X126/Y17/PIOD'.
Info: pin 'BUTTON[5]$tr_io' constrained to Bel 'X6/Y95/PIOA'.
Info: pin 'BUTTON[4]$tr_io' constrained to Bel 'X6/Y95/PIOB'.
Info: pin 'BUTTON[3]$tr_io' constrained to Bel 'X126/Y89/PIOB'.
Info: pin 'BUTTON[2]$tr_io' constrained to Bel 'X4/Y95/PIOB'.
Info: pin 'BUTTON[1]$tr_io' constrained to Bel 'X4/Y95/PIOA'.
Info: pin 'BUTTON[0]$tr_io' constrained to Bel 'X6/Y0/PIOB'.
Info: Packing constants..
Info: Packing carries...
Info: Packing LUTs...
Info: Packing LUT5-7s...
Info: Packing FFs...
Info:     0 FFs paired with LUTs.
Info: Generating derived timing constraints...
Info: Promoting globals...
Info: Checksum: 0x5870d842

Info: Device utilisation:
Info: 	          TRELLIS_IO:      15/    365     4%
Info: 	                DCCA:       0/     56     0%
Info: 	              DP16KD:       0/    208     0%
Info: 	          MULT18X18D:       0/    156     0%
Info: 	              ALU54B:       0/     78     0%
Info: 	             EHXPLLL:       0/      4     0%
Info: 	             EXTREFB:       0/      2     0%
Info: 	                DCUA:       0/      2     0%
Info: 	           PCSCLKDIV:       0/      2     0%
Info: 	             IOLOGIC:       0/    224     0%
Info: 	            SIOLOGIC:       0/    141     0%
Info: 	                 GSR:       0/      1     0%
Info: 	               JTAGG:       0/      1     0%
Info: 	                OSCG:       0/      1     0%
Info: 	               SEDGA:       0/      1     0%
Info: 	                 DTR:       0/      1     0%
Info: 	             USRMCLK:       0/      1     0%
Info: 	             CLKDIVF:       0/      4     0%
Info: 	           ECLKSYNCB:       0/     10     0%
Info: 	             DLLDELD:       0/      8     0%
Info: 	              DDRDLL:       0/      4     0%
Info: 	             DQSBUFM:       0/     14     0%
Info: 	     TRELLIS_ECLKBUF:       0/      8     0%
Info: 	        ECLKBRIDGECS:       0/      2     0%
Info: 	                DCSC:       0/      2     0%
Info: 	          TRELLIS_FF:       0/  83640     0%
Info: 	        TRELLIS_COMB:       5/  83640     0%
Info: 	        TRELLIS_RAMW:       0/  10455     0%

Info: Placed 15 cells based on constraints.
Info: Creating initial analytic placement for 5 cells, random placement wirelen = 978.
Info:     at initial placer iter 0, wirelen = 340
Info:     at initial placer iter 1, wirelen = 340
Info:     at initial placer iter 2, wirelen = 340
Info:     at initial placer iter 3, wirelen = 340
Info: Running main analytical placer, max placement attempts per cell = 10000.
Info:     at iteration #1, type TRELLIS_COMB: wirelen solved = 340, spread = 352, legal = 361; time = 0.01s
Info: HeAP Placer Time: 0.03s
Info:   of which solving equations: 0.00s
Info:   of which spreading cells: 0.00s
Info:   of which strict legalisation: 0.00s

Info: Running simulated annealing placer for refinement.
Info:   at iteration #1: temp = 0.000000, timing cost = 0, wirelen = 361
Info:   at iteration #2: temp = 0.000000, timing cost = 0, wirelen = 346 
Info: SA placement time 0.00s

Info: No Fmax available; no interior timing paths found in design.
Info: Checksum: 0xbe41467b
Info: Routing globals...

Info: Routing..
Info: Setting up routing queue.
Info: Routing 17 arcs.
Info:            |   (re-)routed arcs  |   delta    | remaining|       time spent     |
Info:    IterCnt |  w/ripup   wo/ripup |  w/r  wo/r |      arcs| batch(sec) total(sec)|
Info:         17 |        0         17 |    0    17 |         0|       0.06       0.06|
Info: Routing complete.
Info: Router1 time 0.06s
Info: Checksum: 0x3828e690

Info: Critical path report for cross-domain path '<async>' -> '<async>':
Info:       type curr  total name
Info:     source  0.00  0.00 Source BUTTON[6]$tr_io.O
Info:    routing  7.76  7.76 Net BUTTON[6]$TRELLIS_IO_IN (126,17) -> (0,35)
Info:                          Sink LED[0]$tr_io.I
Info: 0.00 ns logic, 7.76 ns routing

Info: No Fmax available; no interior timing paths found in design.

Info: Program finished normally.
0.19user 0.40system 0:00.72elapsed 82%CPU (0avgtext+0avgdata 317196maxresident)k
55816inputs+34outputs (293major+73515minor)pagefaults 0swaps
